nohup: ignoring input
======================================================================
CALCULATING DIST STD: POSTERIOR CONCENTRATION
======================================================================
Total samples: 999,995
Posterior (1%): 10,000 samples
  R0:    mean=1.545, std=0.120
  sigma: mean=0.839, std=0.134
Posterior shape: (10000, 2)

Calculating posterior concentration...

======================================================================
posterior concentration RESULT
======================================================================
Distance std (posterior concentration): 0.215667

Interpretation:
  Small value → posterior tightly concentrated
               → ABC learned a lot from the observation
  Large value → posterior spread out
               → ABC learned little from the observation

✅ posterior concentration (posterior): 0.215667
======================================================================
PLOTTING SCATTER + CONTOUR
======================================================================
Percentile 1%: 10,000 samples
Peak: R0=1.5879, sigma=0.9437

✓ Saved to: ../../figures/from_260703/ppc/observations/posterior_scatter_contour_1percentile_silverman.png

✅ Peak density: R0=1.5879, sigma=0.9437
======================================================================
PLOTTING SCATTER + CONTOUR
======================================================================
Percentile 1%: 10,000 samples
Peak: R0=1.5879, sigma=0.9437

✓ Saved to: ../../figures/from_260703/ppc/observations/posterior_scatter_contour_1percentile_scott.png

✅ Peak density: R0=1.5879, sigma=0.9437
======================================================================
PLOTTING SCATTER + CONTOUR
======================================================================
Percentile 1%: 10,000 samples
Peak: R0=1.5729, sigma=0.8995

✓ Saved to: ../../figures/from_260703/ppc/observations/posterior_scatter_contour_1percentile_0.5.png

✅ Peak density: R0=1.5729, sigma=0.8995
======================================================================
PLOTTING SCATTER + CONTOUR
======================================================================
Percentile 1%: 10,000 samples
Peak: R0=1.5879, sigma=0.9276

✓ Saved to: ../../figures/from_260703/ppc/observations/posterior_scatter_contour_1percentile_0.3.png

✅ Peak density: R0=1.5879, sigma=0.9276
======================================================================
PLOTTING SCATTER + CONTOUR
======================================================================
Percentile 1%: 10,000 samples
Peak: R0=1.5879, sigma=0.9437

✓ Saved to: ../../figures/from_260703/ppc/observations/posterior_scatter_contour_1percentile_0.2.png

✅ Peak density: R0=1.5879, sigma=0.9437
======================================================================
PLOTTING SCATTER + CONTOUR
======================================================================
Percentile 1%: 10,000 samples
Peak: R0=1.5879, sigma=0.9558

✓ Saved to: ../../figures/from_260703/ppc/observations/posterior_scatter_contour_1percentile_0.1.png

✅ Peak density: R0=1.5879, sigma=0.9558
======================================================================
CALCULATING DIST STD: POSTERIOR CONCENTRATION
======================================================================
Total samples: 999,995
Posterior (0.1%): 1,000 samples
  R0:    mean=1.521, std=0.094
  sigma: mean=0.878, std=0.111
Posterior shape: (1000, 2)

Calculating posterior concentration...

======================================================================
posterior concentration RESULT
======================================================================
Distance std (posterior concentration): 0.173805

Interpretation:
  Small value → posterior tightly concentrated
               → ABC learned a lot from the observation
  Large value → posterior spread out
               → ABC learned little from the observation

✅ posterior concentration : 0.173805
======================================================================
PLOTTING SCATTER + CONTOUR
======================================================================
Percentile 0.1%: 1,000 samples
Peak: R0=1.5427, sigma=0.9518

✓ Saved to: ../../figures/from_260703/ppc/observations/posterior_scatter_contour_0p1percentile_silverman.png

✅ Peak density: R0=1.5427, sigma=0.9518
======================================================================
PLOTTING SCATTER + CONTOUR
======================================================================
Percentile 0.1%: 1,000 samples
Peak: R0=1.5427, sigma=0.9518

✓ Saved to: ../../figures/from_260703/ppc/observations/posterior_scatter_contour_0p1percentile_scott.png

✅ Peak density: R0=1.5427, sigma=0.9518
======================================================================
PLOTTING SCATTER + CONTOUR
======================================================================
Percentile 0.1%: 1,000 samples
Peak: R0=1.5427, sigma=0.9317

✓ Saved to: ../../figures/from_260703/ppc/observations/posterior_scatter_contour_0p1percentile_0.5.png

✅ Peak density: R0=1.5427, sigma=0.9317
======================================================================
PLOTTING SCATTER + CONTOUR
======================================================================
Percentile 0.1%: 1,000 samples
Peak: R0=1.5427, sigma=0.9558

✓ Saved to: ../../figures/from_260703/ppc/observations/posterior_scatter_contour_0p1percentile_0.3.png

✅ Peak density: R0=1.5427, sigma=0.9558
======================================================================
PLOTTING SCATTER + CONTOUR
======================================================================
Percentile 0.1%: 1,000 samples
Peak: R0=1.5427, sigma=0.9678

✓ Saved to: ../../figures/from_260703/ppc/observations/posterior_scatter_contour_0p1percentile_0.2.png

✅ Peak density: R0=1.5427, sigma=0.9678
======================================================================
PLOTTING SCATTER + CONTOUR
======================================================================
Percentile 0.1%: 1,000 samples
Peak: R0=1.5578, sigma=0.9879

✓ Saved to: ../../figures/from_260703/ppc/observations/posterior_scatter_contour_0p1percentile_0.1.png

✅ Peak density: R0=1.5578, sigma=0.9879
======================================================================
CALCULATING DIST STD: POSTERIOR CONCENTRATION
======================================================================
Total samples: 999,995
Posterior (0.01%): 100 samples
  R0:    mean=1.496, std=0.080
  sigma: mean=0.896, std=0.109
Posterior shape: (100, 2)

Calculating posterior concentration...

======================================================================
posterior concentration RESULT
======================================================================
Distance std (posterior concentration): 0.160884

Interpretation:
  Small value → posterior tightly concentrated
               → ABC learned a lot from the observation
  Large value → posterior spread out
               → ABC learned little from the observation

✅ posterior concentration: 0.160884
======================================================================
PLOTTING SCATTER + CONTOUR
======================================================================
Percentile 0.01%: 100 samples
Peak: R0=1.5276, sigma=0.9598

✓ Saved to: ../../figures/from_260703/ppc/observations/posterior_scatter_contour_0p01percentile_silverman.png

✅ Peak density: R0=1.5276, sigma=0.9598
======================================================================
PLOTTING SCATTER + CONTOUR
======================================================================
Percentile 0.01%: 100 samples
Peak: R0=1.5276, sigma=0.9598

✓ Saved to: ../../figures/from_260703/ppc/observations/posterior_scatter_contour_0p01percentile_scott.png

✅ Peak density: R0=1.5276, sigma=0.9598
======================================================================
PLOTTING SCATTER + CONTOUR
======================================================================
Percentile 0.01%: 100 samples
Peak: R0=1.5276, sigma=0.9558

✓ Saved to: ../../figures/from_260703/ppc/observations/posterior_scatter_contour_0p01percentile_0.5.png

✅ Peak density: R0=1.5276, sigma=0.9558
======================================================================
PLOTTING SCATTER + CONTOUR
======================================================================
Percentile 0.01%: 100 samples
Peak: R0=1.5427, sigma=0.9719

✓ Saved to: ../../figures/from_260703/ppc/observations/posterior_scatter_contour_0p01percentile_0.3.png

✅ Peak density: R0=1.5427, sigma=0.9719
======================================================================
PLOTTING SCATTER + CONTOUR
======================================================================
Percentile 0.01%: 100 samples
Peak: R0=1.5427, sigma=0.9719

✓ Saved to: ../../figures/from_260703/ppc/observations/posterior_scatter_contour_0p01percentile_0.2.png

✅ Peak density: R0=1.5427, sigma=0.9719
======================================================================
PLOTTING SCATTER + CONTOUR
======================================================================
Percentile 0.01%: 100 samples
Peak: R0=1.5578, sigma=0.9920

✓ Saved to: ../../figures/from_260703/ppc/observations/posterior_scatter_contour_0p01percentile_0.1.png

✅ Peak density: R0=1.5578, sigma=0.9920
