nohup: ignoring input
======================================================================
CHECKING NaN VALUES IN SUMMARY STATISTICS
======================================================================

Total samples: 999,995

NaN Analysis per column:
----------------------------------------------------------------------

avg_prev_obs:
  ✓ No NaN values
  Range: [0.0435, 114.3478]
  Mean:  50.3197

var_prev_obs:
  ✓ No NaN values
  Range: [0.2085, 58.0861]
  Mean:  26.2760

avg_npmi_obs:
  ✓ No NaN values
  Range: [-0.6831, 0.5156]
  Mean:  -0.3591

div_all_isolates_obs:
  ✓ No NaN values
  Range: [0.0000, 55.0000]
  Mean:  14.6784

======================================================================
RECOMMENDATION:
======================================================================
✓ No NaN values found. Data is clean!
======================================================================
