nohup: ignoring input
Shape: (42, 23)
======================================================================
GENERATING STANDARD POINTS
======================================================================
These summary stats from the actual observations.
  Standard point (raw): [ 9.56521739  7.06351758 -0.59527674 18.33333333]

Generating standard point for R0=1.2, sigma=0.5
  Standard point (raw): [ 4.65217391  4.29173302 -0.24747987  4.30599848]
  Reproducible: True ✓

Generating standard point for R0=1.4, sigma=0.5
  Standard point (raw): [ 8.73913043  4.75028603 -0.34241681  5.96085409]
  Reproducible: True ✓

Generating standard point for R0=1.6, sigma=0.5
  Standard point (raw): [25.7826087  14.03552804 -0.50990753 10.77983173]
  Reproducible: True ✓

Generating standard point for R0=1.8, sigma=0.5
  Standard point (raw): [34.56521739 17.82446247 -0.43363336 12.53037161]
  Reproducible: True ✓

Generating standard point for R0=2.0, sigma=0.5
  Standard point (raw): [45.26086957 23.15013723 -0.44567141 14.31533295]
  Reproducible: True ✓

Generating standard point for R0=2.2, sigma=0.5
  Standard point (raw): [52.08695652 27.45726108 -0.42071111 14.25      ]
  Reproducible: True ✓

Generating standard point for R0=2.4, sigma=0.5
  Standard point (raw): [62.2173913  31.19288456 -0.36797199 18.03188115]
  Reproducible: True ✓

Generating standard point for R0=2.6, sigma=0.5
  Standard point (raw): [68.43478261 33.91543774 -0.27554424 19.18471051]
  Reproducible: True ✓

Generating standard point for R0=2.8, sigma=0.5
  Standard point (raw): [74.13043478 37.35128615 -0.25460251 19.68400656]
  Reproducible: True ✓

Generating standard point for R0=3.0, sigma=0.5
  Standard point (raw): [80.17391304 39.0194033  -0.26173406 19.65377809]
  Reproducible: True ✓

Generating standard point for R0=1.2, sigma=0.6
  Standard point (raw): [ 2.56521739  2.21207609 -0.40151262  4.18337408]
  Reproducible: True ✓

Generating standard point for R0=1.4, sigma=0.6
  Standard point (raw): [11.          6.08276253 -0.43099831  6.62606527]
  Reproducible: True ✓

Generating standard point for R0=1.6, sigma=0.6
  Standard point (raw): [15.69565217  9.24138312 -0.43987119  7.16190896]
  Reproducible: True ✓

Generating standard point for R0=1.8, sigma=0.6
  Standard point (raw): [21.7826087  11.57173878 -0.40012425  7.7717796 ]
  Reproducible: True ✓

Generating standard point for R0=2.0, sigma=0.6
  Standard point (raw): [33.7826087  16.54458583 -0.43169738 10.65813477]
  Reproducible: True ✓

Generating standard point for R0=2.2, sigma=0.6
  Standard point (raw): [42.69565217 20.07358006 -0.44577103 13.12490804]
  Reproducible: True ✓

Generating standard point for R0=2.4, sigma=0.6
  Standard point (raw): [54.47826087 27.37927146 -0.40651223 15.34115668]
  Reproducible: True ✓

Generating standard point for R0=2.6, sigma=0.6
  Standard point (raw): [59.39130435 28.74138469 -0.3831015  14.99131679]
  Reproducible: True ✓

Generating standard point for R0=2.8, sigma=0.6
  Standard point (raw): [70.26086957 34.91967066 -0.24363524 20.54862686]
  Reproducible: True ✓

Generating standard point for R0=3.0, sigma=0.6
  Standard point (raw): [73.17391304 37.14914923 -0.31095134 19.62131252]
  Reproducible: True ✓

Generating standard point for R0=1.2, sigma=0.7
  Standard point (raw): [ 2.7826087   2.17332008 -0.40581963  3.53684211]
  Reproducible: True ✓

Generating standard point for R0=1.4, sigma=0.7
  Standard point (raw): [ 9.95652174  6.1161356  -0.46342721  6.39852941]
  Reproducible: True ✓

Generating standard point for R0=1.6, sigma=0.7
  Standard point (raw): [18.         10.48375367 -0.44571235  9.92465753]
  Reproducible: True ✓

Generating standard point for R0=1.8, sigma=0.7
  Standard point (raw): [22.52173913 12.54761682 -0.48389245 10.61795258]
  Reproducible: True ✓

Generating standard point for R0=2.0, sigma=0.7
  Standard point (raw): [27.39130435 15.35856033 -0.54930152  8.89774564]
  Reproducible: True ✓

Generating standard point for R0=2.2, sigma=0.7
  Standard point (raw): [39.43478261 21.57402918 -0.49365136 11.90585338]
  Reproducible: True ✓

Generating standard point for R0=2.4, sigma=0.7
  Standard point (raw): [44.17391304 23.00326493 -0.47556019 13.53937452]
  Reproducible: True ✓

Generating standard point for R0=2.6, sigma=0.7
  Standard point (raw): [46.95652174 24.43633335 -0.44530051 14.50160532]
  Reproducible: True ✓

Generating standard point for R0=2.8, sigma=0.7
  Standard point (raw): [52.47826087 26.02598276 -0.4329862  17.40657212]
  Reproducible: True ✓

Generating standard point for R0=3.0, sigma=0.7
  Standard point (raw): [66.52173913 34.79664243 -0.16033395 25.08869203]
  Reproducible: True ✓

Generating standard point for R0=1.2, sigma=0.8
  Standard point (raw): [ 3.39130435  3.55142904 -0.24786084  4.52259036]
  Reproducible: True ✓

Generating standard point for R0=1.4, sigma=0.8
  Standard point (raw): [ 4.95652174  2.4950544  -0.4166886   5.38095238]
  Reproducible: True ✓

Generating standard point for R0=1.6, sigma=0.8
  Standard point (raw): [13.47826087  9.486208   -0.51662616  8.45753134]
  Reproducible: True ✓

Generating standard point for R0=1.8, sigma=0.8
  Standard point (raw): [13.56521739  9.3605851  -0.48808497  7.73409852]
  Reproducible: True ✓

Generating standard point for R0=2.0, sigma=0.8
  Standard point (raw): [18.91304348  9.28299052 -0.53323385  8.13609722]
  Reproducible: True ✓

Generating standard point for R0=2.2, sigma=0.8
  Standard point (raw): [25.73913043 13.78476561 -0.46455291 10.59319365]
  Reproducible: True ✓

Generating standard point for R0=2.4, sigma=0.8
  Standard point (raw): [34.43478261 20.60852888 -0.51130462 10.77486155]
  Reproducible: True ✓

Generating standard point for R0=2.6, sigma=0.8
  Standard point (raw): [44.56521739 24.39788755 -0.50862785 15.84349716]
  Reproducible: True ✓

Generating standard point for R0=2.8, sigma=0.8
  Standard point (raw): [38.60869565 21.93531634 -0.49980872 12.70167064]
  Reproducible: True ✓

Generating standard point for R0=3.0, sigma=0.8
  Standard point (raw): [48.69565217 30.33065473 -0.45980722 16.02372977]
  Reproducible: True ✓

Generating standard point for R0=1.2, sigma=0.9
  Standard point (raw): [ 1.65217391  1.22877232 -0.30032864  2.82329317]
  Reproducible: True ✓

Generating standard point for R0=1.4, sigma=0.9
  Standard point (raw): [ 4.86956522  4.05982924 -0.31742204  6.01742498]
  Reproducible: True ✓

Generating standard point for R0=1.6, sigma=0.9
  Standard point (raw): [12.08695652  8.26775249 -0.41698895  9.35901799]
  Reproducible: True ✓

Generating standard point for R0=1.8, sigma=0.9
  Standard point (raw): [17.52173913 12.0787927  -0.56418914 11.00434724]
  Reproducible: True ✓

Generating standard point for R0=2.0, sigma=0.9
  Standard point (raw): [19.34782609 11.51918832 -0.57797357  9.95164702]
  Reproducible: True ✓

Generating standard point for R0=2.2, sigma=0.9
  Standard point (raw): [22.39130435 11.74246037 -0.43740694  9.9981115 ]
  Reproducible: True ✓

Generating standard point for R0=2.4, sigma=0.9
  Standard point (raw): [30.34782609 19.52529524 -0.56028575 13.99533974]
  Reproducible: True ✓

Generating standard point for R0=2.6, sigma=0.9
  Standard point (raw): [27.73913043 13.25696178 -0.52965461 12.05809399]
  Reproducible: True ✓

Generating standard point for R0=2.8, sigma=0.9
  Standard point (raw): [34.60869565 22.29092586 -0.58862917 12.71437756]
  Reproducible: True ✓

Generating standard point for R0=3.0, sigma=0.9
  Standard point (raw): [31.7826087  18.47346136 -0.53786898 12.59987722]
  Reproducible: True ✓

Generating standard point for R0=1.2, sigma=0.94
  Standard point (raw): [ 3.30434783  2.28502601 -0.51745111  7.32647815]
  Reproducible: True ✓

Generating standard point for R0=1.4, sigma=0.94
  Standard point (raw): [ 7.82608696  4.79253372 -0.46947301  9.62365591]
  Reproducible: True ✓

Generating standard point for R0=1.6, sigma=0.94
  Standard point (raw): [10.04347826  6.40651842 -0.43175769  8.58319871]
  Reproducible: True ✓

Generating standard point for R0=1.8, sigma=0.94
  Standard point (raw): [15.65217391  8.75218776 -0.50378687  8.47586569]
  Reproducible: True ✓

Generating standard point for R0=2.0, sigma=0.94
  Standard point (raw): [17.30434783 10.41604873 -0.49079176  9.88526026]
  Reproducible: True ✓

Generating standard point for R0=2.2, sigma=0.94
  Standard point (raw): [22.82608696 15.31087603 -0.51065486 10.48959048]
  Reproducible: True ✓

Generating standard point for R0=2.4, sigma=0.94
  Standard point (raw): [25.13043478 15.46345941 -0.55259728 12.76626857]
  Reproducible: True ✓

Generating standard point for R0=2.6, sigma=0.94
  Standard point (raw): [25.13043478 16.17322239 -0.55302992 10.88821417]
  Reproducible: True ✓

Generating standard point for R0=2.8, sigma=0.94
  Standard point (raw): [27.04347826 18.27934319 -0.47715529 10.43049255]
  Reproducible: True ✓

Generating standard point for R0=3.0, sigma=0.94
  Standard point (raw): [43.30434783 28.46279035 -0.59356653 15.63912385]
  Reproducible: True ✓

Generating standard point for R0=1.2, sigma=0.975
  Standard point (raw): [ 3.47826087  2.96754513 -0.36502655  5.52447552]
  Reproducible: True ✓

Generating standard point for R0=1.4, sigma=0.975
  Standard point (raw): [ 8.30434783  4.08361229 -0.43820271  7.54469854]
  Reproducible: True ✓

Generating standard point for R0=1.6, sigma=0.975
  Standard point (raw): [ 9.82608696  6.13967851 -0.45778049  8.50618936]
  Reproducible: True ✓

Generating standard point for R0=1.8, sigma=0.975
  Standard point (raw): [15.56521739  9.35572789 -0.47829083  9.72352404]
  Reproducible: True ✓

Generating standard point for R0=2.0, sigma=0.975
  Standard point (raw): [26.95652174 16.68008682 -0.571795   13.07419772]
  Reproducible: True ✓

Generating standard point for R0=2.2, sigma=0.975
  Standard point (raw): [23.2173913  13.05219077 -0.5752519  12.10848294]
  Reproducible: True ✓

Generating standard point for R0=2.4, sigma=0.975
  Standard point (raw): [26.43478261 13.80983209 -0.58442772 12.97847799]
  Reproducible: True ✓

Generating standard point for R0=2.6, sigma=0.975
  Standard point (raw): [30.56521739 20.53561449 -0.58075582 14.82712414]
  Reproducible: True ✓

Generating standard point for R0=2.8, sigma=0.975
  Standard point (raw): [29.86956522 18.28139727 -0.50610395 13.04767442]
  Reproducible: True ✓

Generating standard point for R0=3.0, sigma=0.975
  Standard point (raw): [35.95652174 25.05535374 -0.60437105 14.63748179]
  Reproducible: True ✓

======================================================================
ALL STANDARD POINTS
======================================================================
 R0  sigma  avg_prev_obs  var_prev_obs  avg_npmi_obs  div_all_isolates_obs
0.0  0.000      9.565217      7.063518     -0.595277             18.333333
1.2  0.500      4.652174      4.291733     -0.247480              4.305998
1.4  0.500      8.739130      4.750286     -0.342417              5.960854
1.6  0.500     25.782609     14.035528     -0.509908             10.779832
1.8  0.500     34.565217     17.824462     -0.433633             12.530372
2.0  0.500     45.260870     23.150137     -0.445671             14.315333
2.2  0.500     52.086957     27.457261     -0.420711             14.250000
2.4  0.500     62.217391     31.192885     -0.367972             18.031881
2.6  0.500     68.434783     33.915438     -0.275544             19.184711
2.8  0.500     74.130435     37.351286     -0.254603             19.684007
3.0  0.500     80.173913     39.019403     -0.261734             19.653778
1.2  0.600      2.565217      2.212076     -0.401513              4.183374
1.4  0.600     11.000000      6.082763     -0.430998              6.626065
1.6  0.600     15.695652      9.241383     -0.439871              7.161909
1.8  0.600     21.782609     11.571739     -0.400124              7.771780
2.0  0.600     33.782609     16.544586     -0.431697             10.658135
2.2  0.600     42.695652     20.073580     -0.445771             13.124908
2.4  0.600     54.478261     27.379271     -0.406512             15.341157
2.6  0.600     59.391304     28.741385     -0.383102             14.991317
2.8  0.600     70.260870     34.919671     -0.243635             20.548627
3.0  0.600     73.173913     37.149149     -0.310951             19.621313
1.2  0.700      2.782609      2.173320     -0.405820              3.536842
1.4  0.700      9.956522      6.116136     -0.463427              6.398529
1.6  0.700     18.000000     10.483754     -0.445712              9.924658
1.8  0.700     22.521739     12.547617     -0.483892             10.617953
2.0  0.700     27.391304     15.358560     -0.549302              8.897746
2.2  0.700     39.434783     21.574029     -0.493651             11.905853
2.4  0.700     44.173913     23.003265     -0.475560             13.539375
2.6  0.700     46.956522     24.436333     -0.445301             14.501605
2.8  0.700     52.478261     26.025983     -0.432986             17.406572
3.0  0.700     66.521739     34.796642     -0.160334             25.088692
1.2  0.800      3.391304      3.551429     -0.247861              4.522590
1.4  0.800      4.956522      2.495054     -0.416689              5.380952
1.6  0.800     13.478261      9.486208     -0.516626              8.457531
1.8  0.800     13.565217      9.360585     -0.488085              7.734099
2.0  0.800     18.913043      9.282991     -0.533234              8.136097
2.2  0.800     25.739130     13.784766     -0.464553             10.593194
2.4  0.800     34.434783     20.608529     -0.511305             10.774862
2.6  0.800     44.565217     24.397888     -0.508628             15.843497
2.8  0.800     38.608696     21.935316     -0.499809             12.701671
3.0  0.800     48.695652     30.330655     -0.459807             16.023730
1.2  0.900      1.652174      1.228772     -0.300329              2.823293
1.4  0.900      4.869565      4.059829     -0.317422              6.017425
1.6  0.900     12.086957      8.267752     -0.416989              9.359018
1.8  0.900     17.521739     12.078793     -0.564189             11.004347
2.0  0.900     19.347826     11.519188     -0.577974              9.951647
2.2  0.900     22.391304     11.742460     -0.437407              9.998111
2.4  0.900     30.347826     19.525295     -0.560286             13.995340
2.6  0.900     27.739130     13.256962     -0.529655             12.058094
2.8  0.900     34.608696     22.290926     -0.588629             12.714378
3.0  0.900     31.782609     18.473461     -0.537869             12.599877
1.2  0.940      3.304348      2.285026     -0.517451              7.326478
1.4  0.940      7.826087      4.792534     -0.469473              9.623656
1.6  0.940     10.043478      6.406518     -0.431758              8.583199
1.8  0.940     15.652174      8.752188     -0.503787              8.475866
2.0  0.940     17.304348     10.416049     -0.490792              9.885260
2.2  0.940     22.826087     15.310876     -0.510655             10.489590
2.4  0.940     25.130435     15.463459     -0.552597             12.766269
2.6  0.940     25.130435     16.173222     -0.553030             10.888214
2.8  0.940     27.043478     18.279343     -0.477155             10.430493
3.0  0.940     43.304348     28.462790     -0.593567             15.639124
1.2  0.975      3.478261      2.967545     -0.365027              5.524476
1.4  0.975      8.304348      4.083612     -0.438203              7.544699
1.6  0.975      9.826087      6.139679     -0.457780              8.506189
1.8  0.975     15.565217      9.355728     -0.478291              9.723524
2.0  0.975     26.956522     16.680087     -0.571795             13.074198
2.2  0.975     23.217391     13.052191     -0.575252             12.108483
2.4  0.975     26.434783     13.809832     -0.584428             12.978478
2.6  0.975     30.565217     20.535614     -0.580756             14.827124
2.8  0.975     29.869565     18.281397     -0.506104             13.047674
3.0  0.975     35.956522     25.055354     -0.604371             14.637482

✓ Saved to: ../../experimental_data/from_260703/standard_points.csv

======================================================================
EXAMPLE: R0=2.5, sigma=0.8
======================================================================

⏱️  Elapsed: 1246.85 seconds
======================================================================
