nohup: ignoring input
Done. Results saved to '../../experimental_data/from_260703/dists_sigma0p94_R01p2_recal.csv'.
Loading data...
✓ Loaded 999,995 samples

Using MANUAL color scale: [0.001329, 0.022209]

Percentile 10%: 100,000 samples
  Threshold: 0.053092
  Distance range: [0.001329, 0.053092]
Percentile 5%: 50,000 samples
  Threshold: 0.039009
  Distance range: [0.001329, 0.039009]
Percentile 4%: 40,000 samples
  Threshold: 0.035892
  Distance range: [0.001329, 0.035891]
Percentile 3%: 30,000 samples
  Threshold: 0.032197
  Distance range: [0.001329, 0.032197]
Percentile 2%: 20,000 samples
  Threshold: 0.027988
  Distance range: [0.001329, 0.027988]
Percentile 1%: 10,000 samples
  Threshold: 0.022210
  Distance range: [0.001329, 0.022209]
scatter_plots_for_sigma0p94_R01p2.py:576: UserWarning: This figure includes Axes that are not compatible with tight_layout, so results might be incorrect.
  plt.tight_layout(rect=[0, 0, 0.92, 0.96])

✓ Saved to: ../../figures/from_260703/ppc/sigma0p94/R01p2/ABC_Posterior__Distance_Colored1.png
Loading data...
✓ Loaded 999,995 samples

Using MANUAL color scale: [0.001329, 0.022209]

Percentile 2%: 20,000 samples
  Threshold: 0.027988
  Distance range: [0.001329, 0.027988]
Percentile 1%: 10,000 samples
  Threshold: 0.022210
  Distance range: [0.001329, 0.022209]
Percentile 0.5%: 5,000 samples
  Threshold: 0.017680
  Distance range: [0.001329, 0.017678]
Percentile 0.1%: 1,000 samples
  Threshold: 0.010438
  Distance range: [0.001329, 0.010432]
Percentile 0.05%: 500 samples
  Threshold: 0.008100
  Distance range: [0.001329, 0.008098]
Percentile 0.01%: 100 samples
  Threshold: 0.005113
  Distance range: [0.001329, 0.005101]
scatter_plots_for_sigma0p94_R01p2.py:576: UserWarning: This figure includes Axes that are not compatible with tight_layout, so results might be incorrect.
  plt.tight_layout(rect=[0, 0, 0.92, 0.96])

✓ Saved to: ../../figures/from_260703/ppc/sigma0p94/R01p2/ABC_Posterior__Distance_Colored.png
Loading data...
✓ Loaded 999,995 samples
  Distance range: [0.001329, 0.750980]

Percentile 1%:
  Threshold: 0.022210
  Selected: 10,000 samples (1.00%)
  Distance range of selected: [0.001329, 0.022209]

✓ Saved to: ../../figures/from_260703/ppc/sigma0p94/R01p2/ABC_Posterior__Top_1%_p1.png
Loading data...
✓ Loaded 999,995 samples
  Distance range: [0.001329, 0.750980]

Percentile 0.1%:
  Threshold: 0.010438
  Selected: 1,000 samples (0.10%)
  Distance range of selected: [0.001329, 0.010432]

✓ Saved to: ../../figures/from_260703/ppc/sigma0p94/R01p2/ABC_Posterior__Top_0.1%_p0.1.png
Loading data...
✓ Loaded 999,995 samples
  Distance range: [0.001329, 0.750980]

Percentile 0.05%:
  Threshold: 0.008100
  Selected: 500 samples (0.05%)
  Distance range of selected: [0.001329, 0.008098]

✓ Saved to: ../../figures/from_260703/ppc/sigma0p94/R01p2/ABC_Posterior__Top_0.05%_p0.05.png
Loading data...
✓ Loaded 999,995 samples
  Distance range: [0.001329, 0.750980]

Percentile 0.01%:
  Threshold: 0.005113
  Selected: 100 samples (0.01%)
  Distance range of selected: [0.001329, 0.005101]

✓ Saved to: ../../figures/from_260703/ppc/sigma0p94/R01p2/ABC_Posterior__Top_0.01%_p0.01.png
Percentile 1%: 10,000 samples selected
✓ Saved to: ../../figures/from_260703/ppc/sigma0p94/R01p2/ABC_Posterior__R0=1.3,_sigma=0.9_kde_p1.png
Loaded 999,995 samples
Percentile 2%: 20,000 samples
Percentile 1%: 10,000 samples
Percentile 0.5%: 5,000 samples
Percentile 0.1%: 1,000 samples
Percentile 0.05%: 500 samples
Percentile 0.01%: 100 samples

✓ Saved to: ../../figures/from_260703/ppc/sigma0p94/R01p2/ABC_Posterior_Evolution__R0=1.3,_sigma=0.9_kde_multi.png

✅ All plots generated successfully!
